Started at Thu Mar 18 16:27:15 GMT 2021
Processing AtomicChessBuildroot
Offering AtomicChessBuildroot to Project Build Discarder
Processing AtomicChessPipeline
Offering AtomicChessPipeline to Project Build Discarder
Processing AtomicChessServer
Offering AtomicChessServer to Project Build Discarder
Processing AtomicChessThesis
Offering AtomicChessThesis to Project Build Discarder
Processing Certbot_Renew
Offering Certbot_Renew to Project Build Discarder
Processing GynOchsendorfSite
Offering GynOchsendorfSite to Project Build Discarder
Processing ManusDXSite
Offering ManusDXSite to Project Build Discarder
Processing MarcelOchsendorfPortfolioSite
Offering MarcelOchsendorfPortfolioSite to Project Build Discarder
Processing ProDevMoSite
Offering ProDevMoSite to Project Build Discarder
Processing SYS_UPDATE
Offering SYS_UPDATE to Project Build Discarder
Finished at Thu Mar 18 16:27:15 GMT 2021. 3ms
Started at Thu Mar 18 17:27:15 GMT 2021
Processing AtomicChessBuildroot
Offering AtomicChessBuildroot to Project Build Discarder
Processing AtomicChessPipeline
Offering AtomicChessPipeline to Project Build Discarder
Processing AtomicChessServer
Offering AtomicChessServer to Project Build Discarder
Processing AtomicChessThesis
Offering AtomicChessThesis to Project Build Discarder
Processing Certbot_Renew
Offering Certbot_Renew to Project Build Discarder
Processing GynOchsendorfSite
Offering GynOchsendorfSite to Project Build Discarder
Processing ManusDXSite
Offering ManusDXSite to Project Build Discarder
Processing MarcelOchsendorfPortfolioSite
Offering MarcelOchsendorfPortfolioSite to Project Build Discarder
Processing ProDevMoSite
Offering ProDevMoSite to Project Build Discarder
Processing SYS_UPDATE
Offering SYS_UPDATE to Project Build Discarder
Finished at Thu Mar 18 17:27:15 GMT 2021. 1ms
