--- Copying files at Mon Nov 30 17:42:09 UTC 2020
INSTALLED plugins/blueocean-rest-impl.jpi : 1.24.3
INSTALLED plugins/blueocean-pipeline-scm-api.jpi : 1.24.3
INSTALLED plugins/blueocean-display-url.jpi : 2.4.0
INSTALLED plugins/credentials-binding.jpi : 1.24
INSTALLED plugins/antisamy-markup-formatter.jpi : 2.1
INSTALLED plugins/blueocean-i18n.jpi : 1.24.3
INSTALLED plugins/workflow-support.jpi : 3.6
INSTALLED plugins/github-branch-source.jpi : 2.9.1
INSTALLED plugins/script-security.jpi : 1.75
INSTALLED plugins/workflow-api.jpi : 2.40
INSTALLED plugins/blueocean-dashboard.jpi : 1.24.3
INSTALLED plugins/blueocean-autofavorite.jpi : 1.2.4
INSTALLED plugins/github.jpi : 1.32.0
INSTALLED plugins/jira.jpi : 3.1.3
INSTALLED plugins/trilead-api.jpi : 1.0.12
INSTALLED plugins/git.jpi : 4.4.5
INSTALLED plugins/apache-httpcomponents-client-4-api.jpi : 4.5.10-2.0
INSTALLED plugins/plugin-util-api.jpi : 1.5.0
INSTALLED plugins/pipeline-build-step.jpi : 2.13
INSTALLED plugins/blueocean-web.jpi : 1.24.3
INSTALLED plugins/blueocean-events.jpi : 1.24.3
INSTALLED plugins/credentials.jpi : 2.3.14
INSTALLED plugins/bootstrap4-api.jpi : 4.5.3-1
INSTALLED plugins/blueocean.jpi : 1.24.3
INSTALLED plugins/blueocean-config.jpi : 1.24.3
INSTALLED plugins/cloudbees-bitbucket-branch-source.jpi : 2.9.4
INSTALLED plugins/git-server.jpi : 1.9
INSTALLED plugins/mailer.jpi : 1.32.1
INSTALLED plugins/jenkins-design-language.jpi : 1.24.3
INSTALLED plugins/cloudbees-folder.jpi : 6.15
INSTALLED plugins/blueocean-pipeline-editor.jpi : 1.24.3
INSTALLED plugins/token-macro.jpi : 2.12
INSTALLED plugins/okhttp-api.jpi : 3.14.9
INSTALLED plugins/display-url-api.jpi : 2.3.4
INSTALLED plugins/branch-api.jpi : 2.6.2
INSTALLED plugins/matrix-project.jpi : 1.18
INSTALLED plugins/handy-uri-templates-2-api.jpi : 2.1.8-1.0
INSTALLED plugins/snakeyaml-api.jpi : 1.27.0
INSTALLED plugins/mercurial.jpi : 2.12
INSTALLED plugins/durable-task.jpi : 1.35
INSTALLED plugins/blueocean-commons.jpi : 1.24.3
INSTALLED plugins/workflow-multibranch.jpi : 2.22
INSTALLED plugins/sse-gateway.jpi : 1.24
INSTALLED plugins/favorite.jpi : 2.3.2
INSTALLED plugins/pipeline-input-step.jpi : 2.12
INSTALLED plugins/checks-api.jpi : 1.1.1
INSTALLED plugins/blueocean-pipeline-api-impl.jpi : 1.24.3
INSTALLED plugins/pipeline-graph-analysis.jpi : 1.10
INSTALLED plugins/pipeline-milestone-step.jpi : 1.3.1
INSTALLED plugins/ssh-credentials.jpi : 1.18.1
INSTALLED plugins/junit.jpi : 1.44
INSTALLED plugins/echarts-api.jpi : 4.9.0-2
INSTALLED plugins/pipeline-model-extensions.jpi : 1.7.2
INSTALLED plugins/docker-commons.jpi : 1.17
INSTALLED plugins/structs.jpi : 1.20
INSTALLED plugins/blueocean-github-pipeline.jpi : 1.24.3
INSTALLED plugins/jquery3-api.jpi : 3.5.1-2
INSTALLED plugins/pubsub-light.jpi : 1.13
INSTALLED plugins/pipeline-stage-step.jpi : 2.5
INSTALLED plugins/blueocean-git-pipeline.jpi : 1.24.3
INSTALLED plugins/font-awesome-api.jpi : 5.15.1-1
INSTALLED plugins/workflow-basic-steps.jpi : 2.21
INSTALLED plugins/blueocean-jira.jpi : 1.24.3
INSTALLED plugins/jsch.jpi : 0.1.55.2
INSTALLED plugins/jackson2-api.jpi : 2.11.3
INSTALLED plugins/blueocean-bitbucket-pipeline.jpi : 1.24.3
INSTALLED plugins/blueocean-personalization.jpi : 1.24.3
INSTALLED plugins/popper-api.jpi : 1.16.0-7
INSTALLED plugins/docker-workflow.jpi : 1.25
INSTALLED plugins/workflow-job.jpi : 2.40
INSTALLED plugins/workflow-cps.jpi : 2.86
INSTALLED plugins/variant.jpi : 1.3
INSTALLED plugins/authentication-tokens.jpi : 1.4
INSTALLED plugins/workflow-scm-step.jpi : 2.11
INSTALLED plugins/scm-api.jpi : 2.6.4
INSTALLED plugins/github-api.jpi : 1.117
INSTALLED plugins/blueocean-rest.jpi : 1.24.3
INSTALLED plugins/pipeline-model-definition.jpi : 1.7.2
INSTALLED plugins/blueocean-jwt.jpi : 1.24.3
INSTALLED plugins/htmlpublisher.jpi : 1.25
INSTALLED plugins/matrix-auth.jpi : 2.6.4
INSTALLED plugins/ace-editor.jpi : 1.1
INSTALLED plugins/pipeline-model-api.jpi : 1.7.2
INSTALLED plugins/workflow-durable-task-step.jpi : 2.37
INSTALLED plugins/workflow-step-api.jpi : 2.23
INSTALLED plugins/blueocean-core-js.jpi : 1.24.3
INSTALLED plugins/git-client.jpi : 3.5.1
INSTALLED plugins/pipeline-stage-tags-metadata.jpi : 1.7.2
INSTALLED plugins/plain-credentials.jpi : 1.7
INSTALLED plugins/workflow-cps-global-lib.jpi : 2.17
--- Copying files at Mon Nov 30 21:31:36 UTC 2020
--- Copying files at Mon Nov 30 22:49:03 UTC 2020
--- Copying files at Tue Dec  1 12:41:42 UTC 2020
UPGRADED plugins/workflow-support.jpi : Image version (3.7) is newer than installed version (3.6)
UPGRADED plugins/jackson2-api.jpi : Image version (2.12.0) is newer than installed version (2.11.3)
UPGRADED plugins/workflow-cps.jpi : Image version (2.87) is newer than installed version (2.86)
--- Copying files at Thu Feb  4 21:34:04 UTC 2021
--- Copying files at Thu Mar 18 15:33:05 UTC 2021
SKIPPED plugins/blueocean-rest-impl.jpi : Installed version (1.24.4) has been manually upgraded from initial version (1.24.3)
SKIPPED plugins/blueocean-pipeline-scm-api.jpi : Installed version (1.24.4) has been manually upgraded from initial version (1.24.3)
SKIPPED plugins/blueocean-display-url.jpi : Installed version (2.4.1) has been manually upgraded from initial version (2.4.0)
SKIPPED plugins/blueocean-i18n.jpi : Installed version (1.24.4) has been manually upgraded from initial version (1.24.3)
SKIPPED plugins/github-branch-source.jpi : Installed version (2.9.7) has been manually upgraded from initial version (2.9.1)
SKIPPED plugins/script-security.jpi : Installed version (1.76) has been manually upgraded from initial version (1.75)
SKIPPED plugins/workflow-api.jpi : Installed version (2.41) has been manually upgraded from initial version (2.40)
SKIPPED plugins/blueocean-dashboard.jpi : Installed version (1.24.4) has been manually upgraded from initial version (1.24.3)
SKIPPED plugins/github.jpi : Installed version (1.33.1) has been manually upgraded from initial version (1.32.0)
SKIPPED plugins/jira.jpi : Installed version (3.2) has been manually upgraded from initial version (3.1.3)
SKIPPED plugins/trilead-api.jpi : Installed version (1.0.13) has been manually upgraded from initial version (1.0.12)
SKIPPED plugins/git.jpi : Installed version (4.6.0) has been manually upgraded from initial version (4.4.5)
SKIPPED plugins/apache-httpcomponents-client-4-api.jpi : Installed version (4.5.13-1.0) has been manually upgraded from initial version (4.5.10-2.0)
SKIPPED plugins/plugin-util-api.jpi : Installed version (2.0.0) has been manually upgraded from initial version (1.5.0)
SKIPPED plugins/blueocean-web.jpi : Installed version (1.24.4) has been manually upgraded from initial version (1.24.3)
SKIPPED plugins/blueocean-events.jpi : Installed version (1.24.4) has been manually upgraded from initial version (1.24.3)
SKIPPED plugins/credentials.jpi : Installed version (2.3.15) has been manually upgraded from initial version (2.3.14)
SKIPPED plugins/bootstrap4-api.jpi : Installed version (4.6.0-2) has been manually upgraded from initial version (4.5.3-1)
SKIPPED plugins/blueocean.jpi : Installed version (1.24.4) has been manually upgraded from initial version (1.24.3)
SKIPPED plugins/blueocean-config.jpi : Installed version (1.24.4) has been manually upgraded from initial version (1.24.3)
SKIPPED plugins/cloudbees-bitbucket-branch-source.jpi : Installed version (2.9.7) has been manually upgraded from initial version (2.9.4)
SKIPPED plugins/jenkins-design-language.jpi : Installed version (1.24.4) has been manually upgraded from initial version (1.24.3)
SKIPPED plugins/blueocean-pipeline-editor.jpi : Installed version (1.24.4) has been manually upgraded from initial version (1.24.3)
SKIPPED plugins/token-macro.jpi : Installed version (2.13) has been manually upgraded from initial version (2.12)
SKIPPED plugins/blueocean-commons.jpi : Installed version (1.24.4) has been manually upgraded from initial version (1.24.3)
SKIPPED plugins/checks-api.jpi : Installed version (1.5.0) has been manually upgraded from initial version (1.1.1)
SKIPPED plugins/blueocean-pipeline-api-impl.jpi : Installed version (1.24.4) has been manually upgraded from initial version (1.24.3)
SKIPPED plugins/junit.jpi : Installed version (1.48) has been manually upgraded from initial version (1.44)
SKIPPED plugins/echarts-api.jpi : Installed version (5.0.1-1) has been manually upgraded from initial version (4.9.0-2)
SKIPPED plugins/pipeline-model-extensions.jpi : Installed version (1.8.4) has been manually upgraded from initial version (1.7.2)
SKIPPED plugins/structs.jpi : Installed version (1.22) has been manually upgraded from initial version (1.20)
SKIPPED plugins/blueocean-github-pipeline.jpi : Installed version (1.24.4) has been manually upgraded from initial version (1.24.3)
SKIPPED plugins/jquery3-api.jpi : Installed version (3.5.1-3) has been manually upgraded from initial version (3.5.1-2)
SKIPPED plugins/blueocean-git-pipeline.jpi : Installed version (1.24.4) has been manually upgraded from initial version (1.24.3)
SKIPPED plugins/font-awesome-api.jpi : Installed version (5.15.2-2) has been manually upgraded from initial version (5.15.1-1)
SKIPPED plugins/blueocean-jira.jpi : Installed version (1.24.4) has been manually upgraded from initial version (1.24.3)
SKIPPED plugins/jackson2-api.jpi : Installed version (2.12.1) has been manually upgraded from initial version (2.12.0)
SKIPPED plugins/blueocean-bitbucket-pipeline.jpi : Installed version (1.24.4) has been manually upgraded from initial version (1.24.3)
SKIPPED plugins/blueocean-personalization.jpi : Installed version (1.24.4) has been manually upgraded from initial version (1.24.3)
SKIPPED plugins/popper-api.jpi : Installed version (1.16.1-2) has been manually upgraded from initial version (1.16.0-7)
SKIPPED plugins/docker-workflow.jpi : Installed version (1.26) has been manually upgraded from initial version (1.25)
SKIPPED plugins/github-api.jpi : Installed version (1.123) has been manually upgraded from initial version (1.117)
SKIPPED plugins/blueocean-rest.jpi : Installed version (1.24.4) has been manually upgraded from initial version (1.24.3)
SKIPPED plugins/pipeline-model-definition.jpi : Installed version (1.8.4) has been manually upgraded from initial version (1.7.2)
SKIPPED plugins/blueocean-jwt.jpi : Installed version (1.24.4) has been manually upgraded from initial version (1.24.3)
SKIPPED plugins/pipeline-model-api.jpi : Installed version (1.8.4) has been manually upgraded from initial version (1.7.2)
SKIPPED plugins/blueocean-core-js.jpi : Installed version (1.24.4) has been manually upgraded from initial version (1.24.3)
SKIPPED plugins/git-client.jpi : Installed version (3.6.0) has been manually upgraded from initial version (3.5.1)
SKIPPED plugins/pipeline-stage-tags-metadata.jpi : Installed version (1.8.4) has been manually upgraded from initial version (1.7.2)
